[debug] [2023-08-12T14:29:49.187Z] ----------------------------------------------------------------------
[debug] [2023-08-12T14:29:49.192Z] Command:       C:\Program Files\nodejs\node.exe C:\Users\Niki\AppData\Roaming\npm\node_modules\firebase-tools\lib\bin\firebase.js deploy
[debug] [2023-08-12T14:29:49.193Z] CLI Version:   12.4.6
[debug] [2023-08-12T14:29:49.195Z] Platform:      win32
[debug] [2023-08-12T14:29:49.196Z] Node Version:  v18.16.1
[debug] [2023-08-12T14:29:49.197Z] Time:          Sat Aug 12 2023 17:29:49 GMT+0300 (Osteuropäische Sommerzeit)
[debug] [2023-08-12T14:29:49.198Z] ----------------------------------------------------------------------
[debug] 
[debug] [2023-08-12T14:29:49.426Z] > command requires scopes: ["email","openid","https://www.googleapis.com/auth/cloudplatformprojects.readonly","https://www.googleapis.com/auth/firebase","https://www.googleapis.com/auth/cloud-platform"]
[debug] [2023-08-12T14:29:49.429Z] > authorizing via signed-in user (nikeca1991@gmail.com)
[debug] [2023-08-12T14:29:49.430Z] [iam] checking project sozopolistudios for permissions ["firebase.projects.get","firebasehosting.sites.update"]
[debug] [2023-08-12T14:29:49.439Z] >>> [apiv2][query] POST https://cloudresourcemanager.googleapis.com/v1/projects/sozopolistudios:testIamPermissions [none]
[debug] [2023-08-12T14:29:49.439Z] >>> [apiv2][(partial)header] POST https://cloudresourcemanager.googleapis.com/v1/projects/sozopolistudios:testIamPermissions x-goog-quota-user=projects/sozopolistudios
[debug] [2023-08-12T14:29:49.440Z] >>> [apiv2][body] POST https://cloudresourcemanager.googleapis.com/v1/projects/sozopolistudios:testIamPermissions {"permissions":["firebase.projects.get","firebasehosting.sites.update"]}
[debug] [2023-08-12T14:29:50.576Z] <<< [apiv2][status] POST https://cloudresourcemanager.googleapis.com/v1/projects/sozopolistudios:testIamPermissions 200
[debug] [2023-08-12T14:29:50.577Z] <<< [apiv2][body] POST https://cloudresourcemanager.googleapis.com/v1/projects/sozopolistudios:testIamPermissions {"permissions":["firebase.projects.get","firebasehosting.sites.update"]}
[debug] [2023-08-12T14:29:50.582Z] >>> [apiv2][query] GET https://firebase.googleapis.com/v1beta1/projects/sozopolistudios [none]
[debug] [2023-08-12T14:29:50.967Z] <<< [apiv2][status] GET https://firebase.googleapis.com/v1beta1/projects/sozopolistudios 200
[debug] [2023-08-12T14:29:50.968Z] <<< [apiv2][body] GET https://firebase.googleapis.com/v1beta1/projects/sozopolistudios {"projectId":"sozopolistudios","projectNumber":"317552477895","displayName":"SozopoliStudios","name":"projects/sozopolistudios","resources":{"hostingSite":"sozopolistudios"},"state":"ACTIVE","etag":"1_85207c91-be36-4126-8c59-d8028a4683df"}
[info] 
[info] === Deploying to 'sozopolistudios'...
[info] 
[info] i  deploying hosting 
[debug] [2023-08-12T14:29:50.992Z] >>> [apiv2][query] POST https://firebasehosting.googleapis.com/v1beta1/projects/-/sites/sozopolistudios/versions [none]
[debug] [2023-08-12T14:29:50.993Z] >>> [apiv2][body] POST https://firebasehosting.googleapis.com/v1beta1/projects/-/sites/sozopolistudios/versions {"status":"CREATED","labels":{"deployment-tool":"cli-firebase"}}
[debug] [2023-08-12T14:29:52.300Z] <<< [apiv2][status] POST https://firebasehosting.googleapis.com/v1beta1/projects/-/sites/sozopolistudios/versions 200
[debug] [2023-08-12T14:29:52.300Z] <<< [apiv2][body] POST https://firebasehosting.googleapis.com/v1beta1/projects/-/sites/sozopolistudios/versions {"name":"projects/317552477895/sites/sozopolistudios/versions/5f26ea88f140d03b","status":"CREATED","config":{},"labels":{"deployment-tool":"cli-firebase"}}
[info] i  hosting[sozopolistudios]: beginning deploy... 
[info] i  hosting[sozopolistudios]: found 10 files in dist 
[debug] [2023-08-12T14:29:52.324Z] [hosting] uploading with 200 concurrency
[debug] [2023-08-12T14:29:52.393Z] [hosting] hash cache [ZGlzdA] stored for 10 files
[debug] [2023-08-12T14:29:52.395Z] [hosting][hash queue][FINAL] {"max":56,"min":4,"avg":20.2,"active":0,"complete":10,"success":10,"errored":0,"retried":0,"total":10,"elapsed":66}
[debug] [2023-08-12T14:29:52.396Z] >>> [apiv2][query] POST https://firebasehosting.googleapis.com/v1beta1/projects/317552477895/sites/sozopolistudios/versions/5f26ea88f140d03b:populateFiles [none]
[debug] [2023-08-12T14:29:52.396Z] >>> [apiv2][body] POST https://firebasehosting.googleapis.com/v1beta1/projects/317552477895/sites/sozopolistudios/versions/5f26ea88f140d03b:populateFiles {"files":{"/favicon.ico":"bbea3a3f32b54650eb14da4311a300a410525b1a1837e61d4dbd53a1751c51e0","/57.0e1386e17e50f740.js":"1ee47a871373d98c7e0296bbe744d1b81cd925ddebdc1180d06eb08cb66d9d73","/3rdpartylicenses.txt":"13b935f0abfcac8a89e7b0ff2a71d6ec9a34d8a854b020a1d8b34bce7e93b9a3","/index.html":"a9278e4affd2aeb3147b36edf9f7a5e366277d66581c669104ee114995b681d7","/585.26b0d38d23be1258.js":"e5c330ff69969f3702f9384cdf151a6a800ff58cdd8d09b4615dc91fbfb2ec84","/978.1788675bc30afe58.js":"2e68f00a1fa4653070e5539351a57df9424c5810cdd7b9fa8ea28a12e4837b7d","/runtime.07e9a0372266781d.js":"df571b00cac63bac59f8fa6c808ddfed02a424ea445292821631ff6c385908ef","/polyfills.4b5015fb43083ff8.js":"ff3d181142f276b1adf10aecbf86589ef457e85bef3c31282d7c1694b5ffaf72","/styles.8a12fe659e2caab9.css":"03fc5ac275129580026f1accf5179dc0ec40ad320af51b7882deb4beb170491b","/main.8441fc3111da6faa.js":"f0748e4f96ef89ec37ad69bcfc5546a6c3ab983bb33afdb77794f9fe277d1c94"}}
[debug] [2023-08-12T14:29:53.423Z] <<< [apiv2][status] POST https://firebasehosting.googleapis.com/v1beta1/projects/317552477895/sites/sozopolistudios/versions/5f26ea88f140d03b:populateFiles 200
[debug] [2023-08-12T14:29:53.424Z] <<< [apiv2][body] POST https://firebasehosting.googleapis.com/v1beta1/projects/317552477895/sites/sozopolistudios/versions/5f26ea88f140d03b:populateFiles {"uploadRequiredHashes":["a9278e4affd2aeb3147b36edf9f7a5e366277d66581c669104ee114995b681d7","f0748e4f96ef89ec37ad69bcfc5546a6c3ab983bb33afdb77794f9fe277d1c94"],"uploadUrl":"https://upload-firebasehosting.googleapis.com/upload/sites/sozopolistudios/versions/5f26ea88f140d03b/files"}
[debug] [2023-08-12T14:29:53.426Z] >>> [apiv2][query] POST https://upload-firebasehosting.googleapis.com/upload/sites/sozopolistudios/versions/5f26ea88f140d03b/files/a9278e4affd2aeb3147b36edf9f7a5e366277d66581c669104ee114995b681d7 [none]
[debug] [2023-08-12T14:29:53.426Z] >>> [apiv2][body] POST https://upload-firebasehosting.googleapis.com/upload/sites/sozopolistudios/versions/5f26ea88f140d03b/files/a9278e4affd2aeb3147b36edf9f7a5e366277d66581c669104ee114995b681d7 [stream]
[debug] [2023-08-12T14:29:53.429Z] >>> [apiv2][query] POST https://upload-firebasehosting.googleapis.com/upload/sites/sozopolistudios/versions/5f26ea88f140d03b/files/f0748e4f96ef89ec37ad69bcfc5546a6c3ab983bb33afdb77794f9fe277d1c94 [none]
[debug] [2023-08-12T14:29:53.429Z] >>> [apiv2][body] POST https://upload-firebasehosting.googleapis.com/upload/sites/sozopolistudios/versions/5f26ea88f140d03b/files/f0748e4f96ef89ec37ad69bcfc5546a6c3ab983bb33afdb77794f9fe277d1c94 [stream]
[debug] [2023-08-12T14:29:53.431Z] [hosting][populate queue][FINAL] {"max":1035,"min":1035,"avg":1035,"active":0,"complete":1,"success":1,"errored":0,"retried":0,"total":1,"elapsed":1041}
[debug] [2023-08-12T14:29:53.431Z] [hosting] uploads queued: 2
